{"C:\\Users\\jansa\\Web Projects\\NextPLC\\backend2\\index.ts": {"path":"C:\\Users\\jansa\\Web Projects\\NextPLC\\backend2\\index.ts","statementMap":{"0":{"start":{"line":5,"column":0},"end":{"line":5,"column":16}},"1":{"start":{"line":7,"column":21},"end":{"line":7,"column":30}},"2":{"start":{"line":8,"column":13},"end":{"line":8,"column":29}},"3":{"start":{"line":10,"column":0},"end":{"line":22,"column":3}},"4":{"start":{"line":11,"column":29},"end":{"line":11,"column":50}},"5":{"start":{"line":12,"column":2},"end":{"line":14,"column":3}},"6":{"start":{"line":13,"column":4},"end":{"line":13,"column":34}},"7":{"start":{"line":15,"column":22},"end":{"line":15,"column":52}},"8":{"start":{"line":16,"column":22},"end":{"line":16,"column":57}},"9":{"start":{"line":17,"column":2},"end":{"line":21,"column":3}},"10":{"start":{"line":18,"column":4},"end":{"line":18,"column":51}},"11":{"start":{"line":20,"column":4},"end":{"line":20,"column":34}},"12":{"start":{"line":24,"column":0},"end":{"line":36,"column":3}},"13":{"start":{"line":25,"column":29},"end":{"line":25,"column":50}},"14":{"start":{"line":26,"column":2},"end":{"line":28,"column":3}},"15":{"start":{"line":27,"column":4},"end":{"line":27,"column":34}},"16":{"start":{"line":29,"column":22},"end":{"line":29,"column":51}},"17":{"start":{"line":30,"column":21},"end":{"line":30,"column":56}},"18":{"start":{"line":31,"column":2},"end":{"line":35,"column":3}},"19":{"start":{"line":32,"column":4},"end":{"line":32,"column":50}},"20":{"start":{"line":34,"column":4},"end":{"line":34,"column":34}},"21":{"start":{"line":38,"column":0},"end":{"line":50,"column":3}},"22":{"start":{"line":39,"column":29},"end":{"line":39,"column":50}},"23":{"start":{"line":40,"column":2},"end":{"line":42,"column":3}},"24":{"start":{"line":41,"column":4},"end":{"line":41,"column":34}},"25":{"start":{"line":43,"column":22},"end":{"line":43,"column":50}},"26":{"start":{"line":44,"column":20},"end":{"line":44,"column":55}},"27":{"start":{"line":45,"column":2},"end":{"line":49,"column":3}},"28":{"start":{"line":46,"column":4},"end":{"line":46,"column":49}},"29":{"start":{"line":48,"column":4},"end":{"line":48,"column":34}},"30":{"start":{"line":52,"column":0},"end":{"line":54,"column":3}},"31":{"start":{"line":53,"column":2},"end":{"line":53,"column":42}},"32":{"start":{"line":56,"column":0},"end":{"line":58,"column":3}},"33":{"start":{"line":57,"column":2},"end":{"line":57,"column":77}},"34":{"start":{"line":60,"column":17},"end":{"line":84,"column":1}},"35":{"start":{"line":65,"column":19},"end":{"line":65,"column":53}},"36":{"start":{"line":66,"column":2},"end":{"line":83,"column":3}},"37":{"start":{"line":68,"column":6},"end":{"line":70,"column":77}},"38":{"start":{"line":72,"column":6},"end":{"line":74,"column":70}},"39":{"start":{"line":76,"column":6},"end":{"line":78,"column":68}},"40":{"start":{"line":80,"column":6},"end":{"line":82,"column":35}}},"fnMap":{"0":{"name":"(anonymous_0)","decl":{"start":{"line":10,"column":32},"end":{"line":10,"column":33}},"loc":{"start":{"line":10,"column":71},"end":{"line":22,"column":1}},"line":10},"1":{"name":"(anonymous_1)","decl":{"start":{"line":24,"column":31},"end":{"line":24,"column":32}},"loc":{"start":{"line":24,"column":70},"end":{"line":36,"column":1}},"line":24},"2":{"name":"(anonymous_2)","decl":{"start":{"line":38,"column":30},"end":{"line":38,"column":31}},"loc":{"start":{"line":38,"column":69},"end":{"line":50,"column":1}},"line":38},"3":{"name":"(anonymous_3)","decl":{"start":{"line":52,"column":13},"end":{"line":52,"column":14}},"loc":{"start":{"line":52,"column":46},"end":{"line":54,"column":1}},"line":52},"4":{"name":"(anonymous_4)","decl":{"start":{"line":56,"column":17},"end":{"line":56,"column":18}},"loc":{"start":{"line":56,"column":23},"end":{"line":58,"column":1}},"line":56},"5":{"name":"(anonymous_5)","decl":{"start":{"line":60,"column":17},"end":{"line":60,"column":18}},"loc":{"start":{"line":64,"column":13},"end":{"line":84,"column":1}},"line":64}},"branchMap":{"0":{"loc":{"start":{"line":12,"column":2},"end":{"line":14,"column":3}},"type":"if","locations":[{"start":{"line":12,"column":2},"end":{"line":14,"column":3}},{"start":{},"end":{}}],"line":12},"1":{"loc":{"start":{"line":17,"column":2},"end":{"line":21,"column":3}},"type":"if","locations":[{"start":{"line":17,"column":2},"end":{"line":21,"column":3}},{"start":{"line":19,"column":9},"end":{"line":21,"column":3}}],"line":17},"2":{"loc":{"start":{"line":26,"column":2},"end":{"line":28,"column":3}},"type":"if","locations":[{"start":{"line":26,"column":2},"end":{"line":28,"column":3}},{"start":{},"end":{}}],"line":26},"3":{"loc":{"start":{"line":31,"column":2},"end":{"line":35,"column":3}},"type":"if","locations":[{"start":{"line":31,"column":2},"end":{"line":35,"column":3}},{"start":{"line":33,"column":9},"end":{"line":35,"column":3}}],"line":31},"4":{"loc":{"start":{"line":40,"column":2},"end":{"line":42,"column":3}},"type":"if","locations":[{"start":{"line":40,"column":2},"end":{"line":42,"column":3}},{"start":{},"end":{}}],"line":40},"5":{"loc":{"start":{"line":45,"column":2},"end":{"line":49,"column":3}},"type":"if","locations":[{"start":{"line":45,"column":2},"end":{"line":49,"column":3}},{"start":{"line":47,"column":9},"end":{"line":49,"column":3}}],"line":45},"6":{"loc":{"start":{"line":63,"column":2},"end":{"line":63,"column":21}},"type":"default-arg","locations":[{"start":{"line":63,"column":18},"end":{"line":63,"column":21}}],"line":63},"7":{"loc":{"start":{"line":66,"column":2},"end":{"line":83,"column":3}},"type":"switch","locations":[{"start":{"line":67,"column":4},"end":{"line":70,"column":77}},{"start":{"line":71,"column":4},"end":{"line":74,"column":70}},{"start":{"line":75,"column":4},"end":{"line":78,"column":68}},{"start":{"line":79,"column":4},"end":{"line":82,"column":35}}],"line":66}},"s":{"0":1,"1":1,"2":1,"3":1,"4":7,"5":7,"6":2,"7":5,"8":5,"9":5,"10":3,"11":2,"12":1,"13":7,"14":7,"15":2,"16":5,"17":5,"18":5,"19":3,"20":2,"21":1,"22":7,"23":7,"24":2,"25":5,"26":5,"27":5,"28":3,"29":2,"30":1,"31":0,"32":1,"33":1,"34":1,"35":15,"36":15,"37":5,"38":5,"39":5,"40":0},"f":{"0":7,"1":7,"2":7,"3":0,"4":1,"5":15},"b":{"0":[2,5],"1":[3,2],"2":[2,5],"3":[3,2],"4":[2,5],"5":[3,2],"6":[15],"7":[5,5,5,0]},"_coverageSchema":"1a1c01bbd47fc00a2c39e90264f33305004495a9","hash":"d829dd4518251eea8b554d967bfb54986ca09306"}
}
