TN:
SF:index.ts
FN:10,(anonymous_0)
FN:24,(anonymous_1)
FN:38,(anonymous_2)
FN:52,(anonymous_3)
FN:56,(anonymous_4)
FN:60,(anonymous_5)
FNF:6
FNH:5
FNDA:7,(anonymous_0)
FNDA:7,(anonymous_1)
FNDA:7,(anonymous_2)
FNDA:0,(anonymous_3)
FNDA:1,(anonymous_4)
FNDA:15,(anonymous_5)
DA:5,1
DA:7,1
DA:8,1
DA:10,1
DA:11,7
DA:12,7
DA:13,2
DA:15,5
DA:16,5
DA:17,5
DA:18,3
DA:20,2
DA:24,1
DA:25,7
DA:26,7
DA:27,2
DA:29,5
DA:30,5
DA:31,5
DA:32,3
DA:34,2
DA:38,1
DA:39,7
DA:40,7
DA:41,2
DA:43,5
DA:44,5
DA:45,5
DA:46,3
DA:48,2
DA:52,1
DA:53,0
DA:56,1
DA:57,1
DA:60,1
DA:65,15
DA:66,15
DA:68,5
DA:72,5
DA:76,5
DA:80,0
LF:41
LH:39
BRDA:12,0,0,2
BRDA:12,0,1,5
BRDA:17,1,0,3
BRDA:17,1,1,2
BRDA:26,2,0,2
BRDA:26,2,1,5
BRDA:31,3,0,3
BRDA:31,3,1,2
BRDA:40,4,0,2
BRDA:40,4,1,5
BRDA:45,5,0,3
BRDA:45,5,1,2
BRDA:63,6,0,15
BRDA:66,7,0,5
BRDA:66,7,1,5
BRDA:66,7,2,5
BRDA:66,7,3,0
BRF:17
BRH:16
end_of_record
